c:\users\hammad\documents\hammad school ut\study abroad\ecp spring '15\innovation project - scan 3d\david_sdk_1.8.2\davidsdk\workspace vc14\debug\davidsdk.pdb
c:\users\hammad\documents\hammad school ut\study abroad\ecp spring '15\innovation project - scan 3d\david_sdk_1.8.2\davidsdk\workspace vc14\debug\davidsdk.idb
c:\users\hammad\documents\hammad school ut\study abroad\ecp spring '15\innovation project - scan 3d\david_sdk_1.8.2\davidsdk\workspace vc14\debug\json_reader.obj
c:\users\hammad\documents\hammad school ut\study abroad\ecp spring '15\innovation project - scan 3d\david_sdk_1.8.2\davidsdk\workspace vc14\debug\json_value.obj
c:\users\hammad\documents\hammad school ut\study abroad\ecp spring '15\innovation project - scan 3d\david_sdk_1.8.2\davidsdk\workspace vc14\debug\json_writer.obj
c:\users\hammad\documents\hammad school ut\study abroad\ecp spring '15\innovation project - scan 3d\david_sdk_1.8.2\davidsdk\workspace vc14\debug\clientd4lib.obj
c:\users\hammad\documents\hammad school ut\study abroad\ecp spring '15\innovation project - scan 3d\david_sdk_1.8.2\davidsdk\workspace vc14\debug\clientjsonrpc.obj
c:\users\hammad\documents\hammad school ut\study abroad\ecp spring '15\innovation project - scan 3d\david_sdk_1.8.2\davidsdk\workspace vc14\debug\common.obj
c:\users\hammad\documents\hammad school ut\study abroad\ecp spring '15\innovation project - scan 3d\david_sdk_1.8.2\davidsdk\workspace vc14\debug\errorcodes.obj
c:\users\hammad\documents\hammad school ut\study abroad\ecp spring '15\innovation project - scan 3d\david_sdk_1.8.2\davidsdk\workspace vc14\debug\exceptions.obj
c:\users\hammad\documents\hammad school ut\study abroad\ecp spring '15\innovation project - scan 3d\david_sdk_1.8.2\davidsdk\workspace vc14\debug\ishapefusion.obj
c:\users\hammad\documents\hammad school ut\study abroad\ecp spring '15\innovation project - scan 3d\david_sdk_1.8.2\davidsdk\workspace vc14\debug\istructuredlightscanner.obj
c:\users\hammad\documents\hammad school ut\study abroad\ecp spring '15\innovation project - scan 3d\david_sdk_1.8.2\davidsdk\workspace vc14\debug\mainwindowjsonrpc.obj
c:\users\hammad\documents\hammad school ut\study abroad\ecp spring '15\innovation project - scan 3d\david_sdk_1.8.2\davidsdk\workspace vc14\debug\measurejsonrpc.obj
c:\users\hammad\documents\hammad school ut\study abroad\ecp spring '15\innovation project - scan 3d\david_sdk_1.8.2\davidsdk\workspace vc14\debug\networkhelper.obj
c:\users\hammad\documents\hammad school ut\study abroad\ecp spring '15\innovation project - scan 3d\david_sdk_1.8.2\davidsdk\workspace vc14\debug\shapefusiond4lib.obj
c:\users\hammad\documents\hammad school ut\study abroad\ecp spring '15\innovation project - scan 3d\david_sdk_1.8.2\davidsdk\workspace vc14\debug\shapefusionjsonrpc.obj
c:\users\hammad\documents\hammad school ut\study abroad\ecp spring '15\innovation project - scan 3d\david_sdk_1.8.2\davidsdk\workspace vc14\debug\structuredlightscannerd4lib.obj
c:\users\hammad\documents\hammad school ut\study abroad\ecp spring '15\innovation project - scan 3d\david_sdk_1.8.2\davidsdk\workspace vc14\debug\structuredlightscannerjsonrpc.obj
c:\users\hammad\documents\hammad school ut\study abroad\ecp spring '15\innovation project - scan 3d\david_sdk_1.8.2\davidsdk\workspace vc14\debug\tcpclient.obj
c:\users\hammad\documents\hammad school ut\study abroad\ecp spring '15\innovation project - scan 3d\david_sdk_1.8.2\davidsdk\workspace vc14\debug\turntablejsonrpc.obj
c:\users\hammad\documents\hammad school ut\study abroad\ecp spring '15\innovation project - scan 3d\david_sdk_1.8.2\davidsdk_examples\workspace vc14\debug\davidsdk.lib
c:\users\hammad\documents\hammad school ut\study abroad\ecp spring '15\innovation project - scan 3d\david_sdk_1.8.2\davidsdk\workspace vc14\debug\davidsdk.tlog\cl.command.1.tlog
c:\users\hammad\documents\hammad school ut\study abroad\ecp spring '15\innovation project - scan 3d\david_sdk_1.8.2\davidsdk\workspace vc14\debug\davidsdk.tlog\cl.read.1.tlog
c:\users\hammad\documents\hammad school ut\study abroad\ecp spring '15\innovation project - scan 3d\david_sdk_1.8.2\davidsdk\workspace vc14\debug\davidsdk.tlog\cl.write.1.tlog
c:\users\hammad\documents\hammad school ut\study abroad\ecp spring '15\innovation project - scan 3d\david_sdk_1.8.2\davidsdk\workspace vc14\debug\davidsdk.tlog\lib-link.read.1.tlog
c:\users\hammad\documents\hammad school ut\study abroad\ecp spring '15\innovation project - scan 3d\david_sdk_1.8.2\davidsdk\workspace vc14\debug\davidsdk.tlog\lib-link.write.1.tlog
c:\users\hammad\documents\hammad school ut\study abroad\ecp spring '15\innovation project - scan 3d\david_sdk_1.8.2\davidsdk\workspace vc14\debug\davidsdk.tlog\lib.command.1.tlog
