c:\users\hammad\documents\hammad school ut\study abroad\ecp spring '15\courses\proj_p2017 - innovation project scan 3d\david_sdk_1.8.2\davidsdk_examples\workspace vc14\debug\vc140.pdb
c:\users\jay\documents\programming\scan3d\david_sdk_1.8.2\davidsdk_examples\workspace vc14\debug\vc140.pdb
c:\users\jay\documents\programming\scan3d\david_sdk_1.8.2\davidsdk_examples\workspace vc14\debug\vc140.idb
c:\users\jay\documents\programming\scan3d\david_sdk_1.8.2\davidsdk_examples\workspace vc14\debug\main.obj
c:\users\jay\documents\programming\scan3d\david_sdk_1.8.2\davidsdk_examples\workspace vc14\debug\simplecalibration.obj
c:\users\jay\documents\programming\scan3d\david_sdk_1.8.2\davidsdk_examples\workspace vc14\debug\simpleshapefusion.obj
c:\users\jay\documents\programming\scan3d\david_sdk_1.8.2\davidsdk_examples\workspace vc14\debug\simplestructuredlightscanner.obj
c:\users\jay\documents\programming\scan3d\david_sdk_1.8.2\davidsdk_examples\workspace vc14\debug\simpleturntable.obj
c:\users\jay\documents\programming\scan3d\david_sdk_1.8.2\davidsdk_examples\workspace vc14\debug\timedscans.obj
c:\users\hammad\documents\hammad school ut\study abroad\ecp spring '15\courses\proj_p2017 - innovation project scan 3d\david_sdk_1.8.2\davidsdk_examples\workspace vc14\debug\examples.ilk
c:\users\hammad\documents\hammad school ut\study abroad\ecp spring '15\courses\proj_p2017 - innovation project scan 3d\david_sdk_1.8.2\davidsdk_examples\workspace vc14\debug\examples.exe
c:\users\hammad\documents\hammad school ut\study abroad\ecp spring '15\courses\proj_p2017 - innovation project scan 3d\david_sdk_1.8.2\davidsdk_examples\workspace vc14\debug\examples.pdb
c:\users\jay\documents\programming\scan3d\david_sdk_1.8.2\davidsdk_examples\workspace vc14\debug\examples.ilk
c:\users\jay\documents\programming\scan3d\david_sdk_1.8.2\davidsdk_examples\workspace vc14\debug\examples.exe
c:\users\jay\documents\programming\scan3d\david_sdk_1.8.2\davidsdk_examples\workspace vc14\debug\examples.pdb
c:\users\jay\documents\programming\scan3d\david_sdk_1.8.2\davidsdk_examples\workspace vc14\debug\examples.vcxprojresolveassemblyreference.cache
c:\users\jay\documents\programming\scan3d\david_sdk_1.8.2\davidsdk_examples\workspace vc14\debug\autoscan.obj
c:\users\jay\documents\programming\scan3d\david_sdk_1.8.2\davidsdk_examples\workspace vc14\debug\davidsdk.pdb
c:\users\jay\documents\programming\scan3d\david_sdk_1.8.2\davidsdk_examples\workspace vc14\debug\examples.tlog\cl.command.1.tlog
c:\users\jay\documents\programming\scan3d\david_sdk_1.8.2\davidsdk_examples\workspace vc14\debug\examples.tlog\cl.read.1.tlog
c:\users\jay\documents\programming\scan3d\david_sdk_1.8.2\davidsdk_examples\workspace vc14\debug\examples.tlog\cl.write.1.tlog
c:\users\jay\documents\programming\scan3d\david_sdk_1.8.2\davidsdk_examples\workspace vc14\debug\examples.tlog\link.command.1.tlog
c:\users\jay\documents\programming\scan3d\david_sdk_1.8.2\davidsdk_examples\workspace vc14\debug\examples.tlog\link.read.1.tlog
c:\users\jay\documents\programming\scan3d\david_sdk_1.8.2\davidsdk_examples\workspace vc14\debug\examples.tlog\link.write.1.tlog
